<?xml version="1.0" encoding="UTF-8"?>
<testng-results ignored="0" total="1" passed="1" failed="0" skipped="0">
  <reporter-output>
  </reporter-output>
  <suite started-at="2023-06-09T16:53:03 IST" name="Default suite" finished-at="2023-06-09T16:53:09 IST" duration-ms="5553">
    <groups>
    </groups>
    <test started-at="2023-06-09T16:53:03 IST" name="Default test" finished-at="2023-06-09T16:53:09 IST" duration-ms="5553">
      <class name="pack1.fblogin">
        <test-method is-config="true" signature="lauch()[pri:0, instance:pack1.fblogin@59662a0b]" started-at="2023-06-09T16:53:03 IST" name="lauch" finished-at="2023-06-09T16:53:07 IST" duration-ms="3182" status="PASS">
          <reporter-output>
          </reporter-output>
        </test-method> <!-- lauch -->
        <test-method signature="login()[pri:0, instance:pack1.fblogin@59662a0b]" started-at="2023-06-09T16:53:07 IST" name="login" finished-at="2023-06-09T16:53:09 IST" duration-ms="2310" status="PASS">
          <reporter-output>
          </reporter-output>
        </test-method> <!-- login -->
      </class> <!-- pack1.fblogin -->
    </test> <!-- Default test -->
  </suite> <!-- Default suite -->
</testng-results>
